[Header]
Signature=VISE
Version=0001
RemoveInUseFiles=0
RegistryKeyName=LogicWorks5
Product Name=LogicWorks 5.0b2
[WinNT]
AdminPrivileges=1
[Directories2]
0=C:\Program Files
count=23
1=C:\Program Files\LogicWorks 5
2=C:\Program Files\LogicWorks 5\Tools
3=C:\Program Files\LogicWorks 5\Examples
4=C:\Program Files\LogicWorks 5\Examples\VHDL
5=C:\Program Files\LogicWorks 5\Examples\VHDL\6502
6=C:\Program Files\LogicWorks 5\Examples\VHDL\Batch Tests
7=C:\Program Files\LogicWorks 5\Examples\VHDL\Batch Tests\Misc Tests
8=C:\Program Files\LogicWorks 5\Examples\VHDL\Batch Tests\Misc Tests\generic_test1
9=C:\Program Files\LogicWorks 5\Examples\VHDL\Batch Tests\Misc Tests\boolean_test
10=C:\Program Files\LogicWorks 5\Examples\VHDL\Batch Tests\Yalamanchili
11=C:\Program Files\LogicWorks 5\Examples\VHDL\Batch Tests\Yalamanchili\08_02_full_adder
12=C:\Program Files\LogicWorks 5\Libs
13=C:\Program Files\LogicWorks 5\Libs\Extra Libs
14=C:\Program Files\LogicWorks 5\Documentation
15=C:\Program Files\LogicWorks 5\Documentation\Help Files
16=C:\Program Files\LogicWorks 5\Export Scripts
17=C:\Program Files\LogicWorks 5\Scripts
18=C:\Documents and Settings
19=C:\Documents and Settings\All Users
20=C:\Documents and Settings\All Users\Start Menu
21=C:\Documents and Settings\All Users\Start Menu\Programs
22=C:\Documents and Settings\All Users\Start Menu\Programs\LogicWorks 5
[Files]
count=175
0=C:\Program Files\LogicWorks 5\Tools\DevEditor.dwx
1=C:\Program Files\LogicWorks 5\Tools\Drawing.dwx
2=C:\Program Files\LogicWorks 5\Tools\Export.dwx
3=C:\Program Files\LogicWorks 5\Tools\IOPanel.dwx
4=C:\Program Files\LogicWorks 5\Tools\Librarian.dwx
5=C:\Program Files\LogicWorks 5\Tools\PLA.dwx
6=C:\Program Files\LogicWorks 5\Tools\Simulator.dwx
7=C:\Program Files\LogicWorks 5\Tools\VHSim.dwx
8=C:\Program Files\LogicWorks 5\Tools\TestPanel.dwx
9=C:\Program Files\LogicWorks 5\Tools\VTiming.dwx
10=C:\Program Files\LogicWorks 5\Examples\6809.cct
11=C:\Program Files\LogicWorks 5\Examples\prom_raw.hex
12=C:\Program Files\LogicWorks 5\Examples\Simulate.CCT
13=C:\Program Files\LogicWorks 5\Examples\3-bit Counter.cct
14=C:\Program Files\LogicWorks 5\Examples\4-bit Bus.CCT
15=C:\Program Files\LogicWorks 5\Examples\5-Minute Example.CCT
16=C:\Program Files\LogicWorks 5\Examples\74181 ALU.CCT
17=C:\Program Files\LogicWorks 5\Examples\Big Ring.CCT
18=C:\Program Files\LogicWorks 5\Examples\Colours.cct
19=C:\Program Files\LogicWorks 5\Examples\Primitive Devices.CCT
20=C:\Program Files\LogicWorks 5\Examples\PROM Example.cct
21=C:\Program Files\LogicWorks 5\Examples\prom_intel.hex
22=C:\Program Files\LogicWorks 5\Examples\RAM Test.CCT
23=C:\Program Files\LogicWorks 5\Examples\Spice Example.cct
24=C:\Program Files\LogicWorks 5\Examples\VHDL\6502\6502test.drr
25=C:\Program Files\LogicWorks 5\Examples\VHDL\6502\6502test.dwa
26=C:\Program Files\LogicWorks 5\Examples\VHDL\6502\6502test.dwv
27=C:\Program Files\LogicWorks 5\Examples\VHDL\6502\6502test.tsv
28=C:\Program Files\LogicWorks 5\Examples\VHDL\6502\addr_op_rom.dwv
29=C:\Program Files\LogicWorks 5\Examples\VHDL\6502\ALU1_rom.dwv
30=C:\Program Files\LogicWorks 5\Examples\VHDL\6502\alu2_rom.dwv
31=C:\Program Files\LogicWorks 5\Examples\VHDL\6502\alu_op_rom.dwv
32=C:\Program Files\LogicWorks 5\Examples\VHDL\6502\A_LE_rom.dwv
33=C:\Program Files\LogicWorks 5\Examples\VHDL\6502\DINT1_OP_rom.dwv
34=C:\Program Files\LogicWorks 5\Examples\VHDL\6502\DINT2_OP_rom.dwv
35=C:\Program Files\LogicWorks 5\Examples\VHDL\6502\DINT3_OP_rom.dwv
36=C:\Program Files\LogicWorks 5\Examples\VHDL\6502\din_le_rom.dwv
37=C:\Program Files\LogicWorks 5\Examples\VHDL\6502\done_rom.dwa
38=C:\Program Files\LogicWorks 5\Examples\VHDL\6502\done_rom.dwv
39=C:\Program Files\LogicWorks 5\Examples\VHDL\6502\dout_op_rom.dwv
40=C:\Program Files\LogicWorks 5\Examples\VHDL\6502\flag_op_rom.dwv
41=C:\Program Files\LogicWorks 5\Examples\VHDL\6502\mc_rom.dwa
42=C:\Program Files\LogicWorks 5\Examples\VHDL\6502\mc_rom.dwv
43=C:\Program Files\LogicWorks 5\Examples\VHDL\6502\microcode.dwa
44=C:\Program Files\LogicWorks 5\Examples\VHDL\6502\microcode.dwv
45=C:\Program Files\LogicWorks 5\Examples\VHDL\6502\pc_op_rom.dwv
46=C:\Program Files\LogicWorks 5\Examples\VHDL\6502\rd_en_rom.dwv
47=C:\Program Files\LogicWorks 5\Examples\VHDL\6502\roms.dwv
48=C:\Program Files\LogicWorks 5\Examples\VHDL\6502\sp_op_rom.dwv
49=C:\Program Files\LogicWorks 5\Examples\VHDL\6502\Untitled Scrip.dwv
50=C:\Program Files\LogicWorks 5\Examples\VHDL\6502\Untitled1.txt
51=C:\Program Files\LogicWorks 5\Examples\VHDL\6502\X_LE_rom.dwv
52=C:\Program Files\LogicWorks 5\Examples\VHDL\6502\Y_LE_rom.dwv
53=C:\Program Files\LogicWorks 5\Examples\VHDL\Batch Tests\batch.txt
54=C:\Program Files\LogicWorks 5\Examples\VHDL\Batch Tests\Misc Tests\and4b.dwv
55=C:\Program Files\LogicWorks 5\Examples\VHDL\Batch Tests\Misc Tests\bit_op_test.dwa
56=C:\Program Files\LogicWorks 5\Examples\VHDL\Batch Tests\Misc Tests\bit_op_test.dwv
57=C:\Program Files\LogicWorks 5\Examples\VHDL\Batch Tests\Misc Tests\bit_op_test.tsv
58=C:\Program Files\LogicWorks 5\Examples\VHDL\Batch Tests\Misc Tests\block_test.dwa
59=C:\Program Files\LogicWorks 5\Examples\VHDL\Batch Tests\Misc Tests\block_test.dwv
60=C:\Program Files\LogicWorks 5\Examples\VHDL\Batch Tests\Misc Tests\block_test.tsv
61=C:\Program Files\LogicWorks 5\Examples\VHDL\Batch Tests\Misc Tests\bus_test.dwa
62=C:\Program Files\LogicWorks 5\Examples\VHDL\Batch Tests\Misc Tests\bus_test.dwv
63=C:\Program Files\LogicWorks 5\Examples\VHDL\Batch Tests\Misc Tests\bus_test.tsv
64=C:\Program Files\LogicWorks 5\Examples\VHDL\Batch Tests\Misc Tests\expr_test.dwa
65=C:\Program Files\LogicWorks 5\Examples\VHDL\Batch Tests\Misc Tests\expr_test.dwv
66=C:\Program Files\LogicWorks 5\Examples\VHDL\Batch Tests\Misc Tests\expr_test.tsv
67=C:\Program Files\LogicWorks 5\Examples\VHDL\Batch Tests\Misc Tests\func_test.dwa
68=C:\Program Files\LogicWorks 5\Examples\VHDL\Batch Tests\Misc Tests\func_test.dwv
69=C:\Program Files\LogicWorks 5\Examples\VHDL\Batch Tests\Misc Tests\func_test.tsv
70=C:\Program Files\LogicWorks 5\Examples\VHDL\Batch Tests\Misc Tests\if_test.dwv
71=C:\Program Files\LogicWorks 5\Examples\VHDL\Batch Tests\Misc Tests\int_op_test.dwa
72=C:\Program Files\LogicWorks 5\Examples\VHDL\Batch Tests\Misc Tests\int_op_test.dwv
73=C:\Program Files\LogicWorks 5\Examples\VHDL\Batch Tests\Misc Tests\int_op_test.tsv
74=C:\Program Files\LogicWorks 5\Examples\VHDL\Batch Tests\Misc Tests\junk_test.tsv.txt
75=C:\Program Files\LogicWorks 5\Examples\VHDL\Batch Tests\Misc Tests\proc_test1.dwv
76=C:\Program Files\LogicWorks 5\Examples\VHDL\Batch Tests\Misc Tests\proc_test1.tsv
77=C:\Program Files\LogicWorks 5\Examples\VHDL\Batch Tests\Misc Tests\sig_init_test.dwv
78=C:\Program Files\LogicWorks 5\Examples\VHDL\Batch Tests\Misc Tests\state_test.dwa
79=C:\Program Files\LogicWorks 5\Examples\VHDL\Batch Tests\Misc Tests\state_test.dwv
80=C:\Program Files\LogicWorks 5\Examples\VHDL\Batch Tests\Misc Tests\state_test.tsv
81=C:\Program Files\LogicWorks 5\Examples\VHDL\Batch Tests\Misc Tests\structgate.dwa
82=C:\Program Files\LogicWorks 5\Examples\VHDL\Batch Tests\Misc Tests\structgate.dwv
83=C:\Program Files\LogicWorks 5\Examples\VHDL\Batch Tests\Misc Tests\structgate.tsv
84=C:\Program Files\LogicWorks 5\Examples\VHDL\Batch Tests\Misc Tests\structtest1.dwa
85=C:\Program Files\LogicWorks 5\Examples\VHDL\Batch Tests\Misc Tests\structtest1.dwv
86=C:\Program Files\LogicWorks 5\Examples\VHDL\Batch Tests\Misc Tests\structtest1.tsv
87=C:\Program Files\LogicWorks 5\Examples\VHDL\Batch Tests\Misc Tests\structtest1sub.dwa
88=C:\Program Files\LogicWorks 5\Examples\VHDL\Batch Tests\Misc Tests\structtest1sub.dwv
89=C:\Program Files\LogicWorks 5\Examples\VHDL\Batch Tests\Misc Tests\generic_test1\generic_reg.dwa
90=C:\Program Files\LogicWorks 5\Examples\VHDL\Batch Tests\Misc Tests\generic_test1\generic_reg.dwv
91=C:\Program Files\LogicWorks 5\Examples\VHDL\Batch Tests\Misc Tests\generic_test1\generic_reg.tsv
92=C:\Program Files\LogicWorks 5\Examples\VHDL\Batch Tests\Misc Tests\generic_test1\generic_top.dwa
93=C:\Program Files\LogicWorks 5\Examples\VHDL\Batch Tests\Misc Tests\generic_test1\generic_top.dwv
94=C:\Program Files\LogicWorks 5\Examples\VHDL\Batch Tests\Misc Tests\generic_test1\generic_top.tsv
95=C:\Program Files\LogicWorks 5\Examples\VHDL\Batch Tests\Misc Tests\multiplier.dwv
96=C:\Program Files\LogicWorks 5\Examples\VHDL\Batch Tests\Misc Tests\multiplier.tsv
97=C:\Program Files\LogicWorks 5\Examples\VHDL\Batch Tests\Misc Tests\COUNT8.dwa
98=C:\Program Files\LogicWorks 5\Examples\VHDL\Batch Tests\Misc Tests\COUNT8.dwv
99=C:\Program Files\LogicWorks 5\Examples\VHDL\Batch Tests\Misc Tests\COUNT8.tsv
100=C:\Program Files\LogicWorks 5\Examples\VHDL\Batch Tests\Misc Tests\full_adder_prims.dwv
101=C:\Program Files\LogicWorks 5\Examples\VHDL\Batch Tests\Misc Tests\full_adder_prims.tsv
102=C:\Program Files\LogicWorks 5\Examples\VHDL\Batch Tests\Misc Tests\boolean_test\boolean_test.dwv
103=C:\Program Files\LogicWorks 5\Examples\VHDL\Batch Tests\Misc Tests\boolean_test\boolean_test.tsv
104=C:\Program Files\LogicWorks 5\Examples\VHDL\Batch Tests\Misc Tests\boolean_test\bool_decl.dwv
105=C:\Program Files\LogicWorks 5\Examples\VHDL\Batch Tests\Misc Tests\boolean_test\shift_test.dwa
106=C:\Program Files\LogicWorks 5\Examples\VHDL\Batch Tests\Misc Tests\boolean_test\shift_test.dwv
107=C:\Program Files\LogicWorks 5\Examples\VHDL\Batch Tests\Misc Tests\boolean_test\shift_test.tsv
108=C:\Program Files\LogicWorks 5\Examples\VHDL\Batch Tests\Misc Tests\time_op_test.dwv
109=C:\Program Files\LogicWorks 5\Examples\VHDL\Batch Tests\Misc Tests\time_op_test.tsv
110=C:\Program Files\LogicWorks 5\Examples\VHDL\Batch Tests\Yalamanchili\03_02_half_adder.dwa
111=C:\Program Files\LogicWorks 5\Examples\VHDL\Batch Tests\Yalamanchili\03_02_half_adder.dwv
112=C:\Program Files\LogicWorks 5\Examples\VHDL\Batch Tests\Yalamanchili\03_02_half_adder.tsv
113=C:\Program Files\LogicWorks 5\Examples\VHDL\Batch Tests\Yalamanchili\03_03_full_adder.dwa
114=C:\Program Files\LogicWorks 5\Examples\VHDL\Batch Tests\Yalamanchili\03_03_full_adder.dwv
115=C:\Program Files\LogicWorks 5\Examples\VHDL\Batch Tests\Yalamanchili\03_03_full_adder.tsv
116=C:\Program Files\LogicWorks 5\Examples\VHDL\Batch Tests\Yalamanchili\03_05_mux.tsv
117=C:\Program Files\LogicWorks 5\Examples\VHDL\Batch Tests\Yalamanchili\03_05_mux4.dwa
118=C:\Program Files\LogicWorks 5\Examples\VHDL\Batch Tests\Yalamanchili\03_05_mux4.dwv
119=C:\Program Files\LogicWorks 5\Examples\VHDL\Batch Tests\Yalamanchili\03_05_mux4.tsv
120=C:\Program Files\LogicWorks 5\Examples\VHDL\Batch Tests\Yalamanchili\03_08_reg_file.dwa
121=C:\Program Files\LogicWorks 5\Examples\VHDL\Batch Tests\Yalamanchili\03_08_reg_file.dwv
122=C:\Program Files\LogicWorks 5\Examples\VHDL\Batch Tests\Yalamanchili\03_08_reg_file.tsv
123=C:\Program Files\LogicWorks 5\Examples\VHDL\Batch Tests\Yalamanchili\04_02_memory.dwa
124=C:\Program Files\LogicWorks 5\Examples\VHDL\Batch Tests\Yalamanchili\04_02_memory.dwv
125=C:\Program Files\LogicWorks 5\Examples\VHDL\Batch Tests\Yalamanchili\04_02_memory.tsv
126=C:\Program Files\LogicWorks 5\Examples\VHDL\Batch Tests\Yalamanchili\04_19_state_machine.dwa
127=C:\Program Files\LogicWorks 5\Examples\VHDL\Batch Tests\Yalamanchili\04_19_state_machine.dwv
128=C:\Program Files\LogicWorks 5\Examples\VHDL\Batch Tests\Yalamanchili\04_19_state_machine.tsv
129=C:\Program Files\LogicWorks 5\Examples\VHDL\Batch Tests\Yalamanchili\08_02_full_adder\full_adder.dwa
130=C:\Program Files\LogicWorks 5\Examples\VHDL\Batch Tests\Yalamanchili\08_02_full_adder\full_adder.dwv
131=C:\Program Files\LogicWorks 5\Examples\VHDL\Batch Tests\Yalamanchili\08_02_full_adder\full_adder.tsv
132=C:\Program Files\LogicWorks 5\Examples\VHDL\Batch Tests\Yalamanchili\08_02_full_adder\half_adder.dwv
133=C:\Program Files\LogicWorks 5\Examples\VHDL\Batch Tests\Yalamanchili\08_02_full_adder\or_2.dwv
134=C:\Program Files\LogicWorks 5\Examples\Count8.cct
135=C:\Program Files\LogicWorks 5\Examples\COUNT8.dwv
136=C:\Program Files\LogicWorks 5\Libs\7400.CLF
137=C:\Program Files\LogicWorks 5\Libs\Connectors.CLF
138=C:\Program Files\LogicWorks 5\Libs\Discretes.CLF
139=C:\Program Files\LogicWorks 5\Libs\Pseudo Devices.CLF
140=C:\Program Files\LogicWorks 5\Libs\Simulation Gates.clf
141=C:\Program Files\LogicWorks 5\Libs\Simulation IO.clf
142=C:\Program Files\LogicWorks 5\Libs\Simulation Logic.clf
143=C:\Program Files\LogicWorks 5\Libs\Spice.CLF
144=C:\Program Files\LogicWorks 5\Libs\VHDLPrims.clf
145=C:\Program Files\LogicWorks 5\Libs\Extra Libs\MakePLD.CLF
146=C:\Program Files\LogicWorks 5\Documentation\About LogicWorks 5.txt
147=C:\Program Files\LogicWorks 5\Documentation\pla_dwl_help.txt
148=C:\Program Files\LogicWorks 5\Documentation\pla_raw_help.txt
149=C:\Program Files\LogicWorks 5\Documentation\prom_hex_help.txt
150=C:\Program Files\LogicWorks 5\Documentation\prom_intel_help.txt
151=C:\Program Files\LogicWorks 5\Documentation\LogicWorks5 Reference.pdf
152=C:\Program Files\LogicWorks 5\Documentation\VHDL in LogicWorks 5.txt
153=C:\Program Files\LogicWorks 5\Documentation\Help Files\ROBOEX32.DLL
154=C:\Program Files\LogicWorks 5\Documentation\LogicWorks 5 Version History.txt
155=C:\Program Files\LogicWorks 5\Export Scripts\Berkeley SPICE Netlist.rfm
156=C:\Program Files\LogicWorks 5\Export Scripts\Commercial SPICE Netlist.rfm
157=C:\Program Files\LogicWorks 5\Export Scripts\Generic PCB Netlist.rfm
158=C:\Program Files\LogicWorks 5\Export Scripts\Parts List.rfm
159=C:\Program Files\LogicWorks 5\Scripts\IOPanelDefault.html
160=C:\Program Files\LogicWorks 5\Scripts\IOPanel6502.html
161=C:\Program Files\LogicWorks 5\MFC42.DLL
162=C:\Program Files\LogicWorks 5\msvcrt.dll
163=C:\Program Files\LogicWorks 5\OSC61as.dll
164=C:\Program Files\LogicWorks 5\OT602as.dll
165=C:\Program Files\LogicWorks 5\cmax101.dll
166=C:\Program Files\LogicWorks 5\System.dll
167=C:\Program Files\LogicWorks 5\LogicWorks.exe
168=C:\Program Files\LogicWorks 5\lw.INI
169=C:\Program Files\LogicWorks 5\XGridCtrl.ocx
170=C:\Program Files\LogicWorks 5\XTX400.tlb
171=C:\Documents and Settings\All Users\Start Menu\Programs\LogicWorks 5\LogicWorks 5.lnk
172=C:\Documents and Settings\All Users\Start Menu\Programs\LogicWorks 5\Read Me about LogicWorks 5.lnk
173=C:\Documents and Settings\All Users\Start Menu\Programs\LogicWorks 5\LogicWorks Home Page.url
174=C:\Documents and Settings\All Users\Start Menu\Programs\LogicWorks 5\Remove LogicWorks 5.lnk
[SelfRegisteringFiles]
0=C:\Program Files\LogicWorks 5\XGridCtrl.ocx
1=C:\Program Files\LogicWorks 5\XTX400.tlb
[Strings]
IDS_STRING1=Are you sure you want to completely remove the selected application and all of its components?
IDS_STRING2=Confirm File Deletion
IDS_STRING3=The system indicates that the following shared file is no longer used by any programs.
IDS_STRING4=Remove Shared File?
IDS_STRING5=Uninstall successfully completed.
IDS_STRING6=Uninstall
IDS_STRING7=If any programs are still using this file and it is removed, those programs may not function. Are you sure you want to remove the shared file?
IDS_STRING8=Uninstall was partially successful.
IDS_ADMINPRIVILEGESNEEDED=Administrative privileges are needed to uninstall this software.
IDS_YES=&Yes
IDS_NO=&No
IDS_YESTOALL=Yes to &All
IDS_REMOVINGFILE=Removing File:
IDS_STRING16=You must shut down and restart your computer before the new settings will take effect.
IDS_STRING17=Do you want to restart your computer now?
